Base path: 'C:/Program Files/Unity/Hub/Editor/2019.4.9f1/Editor/Data', plugins path 'C:/Program Files/Unity/Hub/Editor/2019.4.9f1/Editor/Data/PlaybackEngines'
Cmd: initializeCompiler
Cmd: preprocess
  insize=811 outsize=209 ok=1
Cmd: preprocess
  insize=811 outsize=209 ok=1
Cmd: preprocess
  insize=811 outsize=209 ok=1
Cmd: preprocess
  insize=811 outsize=209 ok=1
Cmd: preprocess
  insize=811 outsize=209 ok=1
Cmd: preprocess
  insize=811 outsize=209 ok=1
Cmd: preprocess
  insize=811 outsize=209 ok=1
Cmd: preprocess
  insize=811 outsize=209 ok=1
Cmd: preprocess
  insize=811 outsize=209 ok=1
Cmd: preprocess
  insize=811 outsize=209 ok=1
Cmd: preprocess
  insize=811 outsize=209 ok=1
Cmd: preprocess
  insize=811 outsize=209 ok=1
Cmd: preprocess
  insize=811 outsize=209 ok=1
Cmd: preprocess
  insize=811 outsize=209 ok=1
Cmd: preprocess
  insize=811 outsize=209 ok=1
Cmd: preprocess
  insize=811 outsize=209 ok=1
Cmd: preprocess
  insize=811 outsize=209 ok=1
Cmd: preprocess
  insize=811 outsize=209 ok=1
Cmd: preprocess
  insize=811 outsize=209 ok=1
Cmd: preprocess
  insize=811 outsize=209 ok=1
Cmd: preprocess
  insize=811 outsize=209 ok=1
Cmd: preprocess
  insize=811 outsize=209 ok=1
Cmd: preprocess
  insize=811 outsize=209 ok=1
Cmd: preprocess
  insize=811 outsize=209 ok=1
Cmd: preprocess
  insize=811 outsize=209 ok=1
Cmd: preprocess
  insize=811 outsize=209 ok=1
Cmd: preprocess
  insize=811 outsize=209 ok=1
Cmd: preprocess
  insize=811 outsize=209 ok=1
Cmd: preprocess
  insize=811 outsize=209 ok=1
Cmd: preprocess
  insize=811 outsize=209 ok=1
Cmd: preprocess
  insize=811 outsize=209 ok=1
Cmd: preprocess
  insize=811 outsize=209 ok=1
Cmd: preprocess
  insize=811 outsize=209 ok=1
Cmd: preprocess
  insize=811 outsize=209 ok=1
Cmd: preprocess
  insize=811 outsize=209 ok=1
Cmd: preprocess
  insize=811 outsize=209 ok=1
Cmd: preprocess
  insize=811 outsize=209 ok=1
Cmd: preprocess
  insize=811 outsize=209 ok=1
Cmd: preprocess
  insize=811 outsize=209 ok=1
Cmd: preprocess
  insize=811 outsize=209 ok=1
Cmd: preprocess
  insize=811 outsize=209 ok=1
Cmd: preprocess
  insize=811 outsize=209 ok=1
Cmd: preprocess
  insize=811 outsize=209 ok=1
Cmd: preprocess
  insize=811 outsize=209 ok=1
Cmd: preprocess
  insize=811 outsize=209 ok=1
Cmd: preprocess
  insize=811 outsize=209 ok=1
Cmd: preprocess
  insize=811 outsize=209 ok=1
Cmd: preprocess
  insize=811 outsize=209 ok=1
Cmd: preprocess
  insize=811 outsize=209 ok=1
Cmd: preprocess
  insize=811 outsize=209 ok=1
Cmd: preprocess
  insize=811 outsize=209 ok=1
Cmd: preprocess
  insize=811 outsize=209 ok=1
Cmd: preprocess
  insize=38499 outsize=1889 ok=1
Cmd: preprocess
  insize=4446 outsize=571 ok=1
Cmd: preprocess
  insize=4655 outsize=568 ok=1
Cmd: preprocess
  insize=4910 outsize=568 ok=1
Cmd: preprocess
  insize=3465 outsize=571 ok=1
Cmd: preprocess
  insize=3628 outsize=576 ok=1
Cmd: preprocess
  insize=4488 outsize=565 ok=1
Cmd: preprocess
  insize=5195 outsize=571 ok=1
Cmd: preprocess
  insize=5415 outsize=572 ok=1
Cmd: preprocess
  insize=6766 outsize=567 ok=1
Cmd: preprocess
  insize=3413 outsize=569 ok=1
Cmd: preprocess
  insize=3413 outsize=569 ok=1
Cmd: preprocess
  insize=3700 outsize=571 ok=1
Cmd: preprocess
  insize=3700 outsize=571 ok=1
Cmd: preprocess
  insize=4956 outsize=566 ok=1
Cmd: preprocess
  insize=5558 outsize=572 ok=1
Cmd: preprocess
  insize=5778 outsize=572 ok=1
Cmd: preprocess
  insize=8559 outsize=567 ok=1
Cmd: preprocess
  insize=8982 outsize=572 ok=1
Cmd: preprocess
  insize=5375 outsize=572 ok=1
Cmd: preprocess
  insize=5595 outsize=572 ok=1
Cmd: preprocess
  insize=4769 outsize=565 ok=1
Cmd: preprocess
  insize=5378 outsize=571 ok=1
Cmd: preprocess
  insize=5598 outsize=572 ok=1
Cmd: preprocess
  insize=4773 outsize=566 ok=1
Cmd: preprocess
  insize=6766 outsize=567 ok=1
Cmd: preprocess
  insize=3388 outsize=569 ok=1
Cmd: preprocess
  insize=9948 outsize=570 ok=1
Cmd: preprocess
  insize=10654 outsize=568 ok=1
Cmd: preprocess
  insize=12543 outsize=568 ok=1
Cmd: preprocess
  insize=4422 outsize=567 ok=1
Cmd: preprocess
  insize=3429 outsize=566 ok=1
Cmd: preprocess
  insize=5258 outsize=568 ok=1
Cmd: preprocess
  insize=36205 outsize=1890 ok=1
Cmd: preprocess
  insize=34151 outsize=1901 ok=1
Cmd: compileSnippet
  api=4 type=0 insize=8404 outsize=1026 kw=UNITY_PASS_SHADOWCASTER pd=UNITY_ENABLE_REFLECTION_BUFFERS UNITY_USE_DITHER_MASK_FOR_ALPHABLENDED_SHADOWS UNITY_PBS_USE_BRDF1 UNITY_SPECCUBE_BOX_PROJECTION UNITY_SPECCUBE_BLENDING UNITY_ENABLE_DETAIL_NORMALMAP SHADER_API_DESKTOP UNITY_LIGHT_PROBE_PROXY_VOLUME UNITY_LIGHTMAP_RGBM_ENCODING ok=1
Cmd: compileSnippet
  error: 1 plat 4 at (129): pow(f, e) will not work for negative f, use abs(f) or conditionally handle negative values if you expect them\nCompiling Fragment program with FOG_EXP2
Platform defines: UNITY_ENABLE_REFLECTION_BUFFERS UNITY_USE_DITHER_MASK_FOR_ALPHABLENDED_SHADOWS UNITY_PBS_USE_BRDF1 UNITY_SPECCUBE_BOX_PROJECTION UNITY_SPECCUBE_BLENDING UNITY_ENABLE_DETAIL_NORMALMAP SHADER_API_DESKTOP UNITY_LIGHT_PROBE_PROXY_VOLUME UNITY_LIGHTMAP_RGBM_ENCODING
  api=4 type=1 insize=16493 outsize=1762 kw=FOG_EXP2 pd=UNITY_ENABLE_REFLECTION_BUFFERS UNITY_USE_DITHER_MASK_FOR_ALPHABLENDED_SHADOWS UNITY_PBS_USE_BRDF1 UNITY_SPECCUBE_BOX_PROJECTION UNITY_SPECCUBE_BLENDING UNITY_ENABLE_DETAIL_NORMALMAP SHADER_API_DESKTOP UNITY_LIGHT_PROBE_PROXY_VOLUME UNITY_LIGHTMAP_RGBM_ENCODING ok=1
Cmd: preprocess
  insize=11033 outsize=568 ok=1
Cmd: preprocess
  insize=36655 outsize=1889 ok=1
Cmd: preprocess
  insize=34561 outsize=1901 ok=1
Cmd: compileSnippet
  api=4 type=0 insize=8404 outsize=1026 kw=UNITY_PASS_SHADOWCASTER pd=UNITY_ENABLE_REFLECTION_BUFFERS UNITY_USE_DITHER_MASK_FOR_ALPHABLENDED_SHADOWS UNITY_PBS_USE_BRDF1 UNITY_SPECCUBE_BOX_PROJECTION UNITY_SPECCUBE_BLENDING UNITY_ENABLE_DETAIL_NORMALMAP SHADER_API_DESKTOP UNITY_LIGHT_PROBE_PROXY_VOLUME UNITY_LIGHTMAP_RGBM_ENCODING ok=1
Cmd: compileSnippet
  error: 1 plat 4 at (129): pow(f, e) will not work for negative f, use abs(f) or conditionally handle negative values if you expect them\nCompiling Fragment program with FOG_EXP2
Platform defines: UNITY_ENABLE_REFLECTION_BUFFERS UNITY_USE_DITHER_MASK_FOR_ALPHABLENDED_SHADOWS UNITY_PBS_USE_BRDF1 UNITY_SPECCUBE_BOX_PROJECTION UNITY_SPECCUBE_BLENDING UNITY_ENABLE_DETAIL_NORMALMAP SHADER_API_DESKTOP UNITY_LIGHT_PROBE_PROXY_VOLUME UNITY_LIGHTMAP_RGBM_ENCODING
  api=4 type=1 insize=16903 outsize=1782 kw=FOG_EXP2 pd=UNITY_ENABLE_REFLECTION_BUFFERS UNITY_USE_DITHER_MASK_FOR_ALPHABLENDED_SHADOWS UNITY_PBS_USE_BRDF1 UNITY_SPECCUBE_BOX_PROJECTION UNITY_SPECCUBE_BLENDING UNITY_ENABLE_DETAIL_NORMALMAP SHADER_API_DESKTOP UNITY_LIGHT_PROBE_PROXY_VOLUME UNITY_LIGHTMAP_RGBM_ENCODING ok=1
Cmd: preprocess
  insize=12543 outsize=568 ok=1
Cmd: preprocess
  insize=38499 outsize=1889 ok=1
Cmd: preprocess
  insize=36336 outsize=1901 ok=1
Cmd: preprocess
  insize=811 outsize=209 ok=1
Cmd: preprocess
  insize=811 outsize=209 ok=1
Cmd: preprocess
  insize=811 outsize=209 ok=1
Cmd: preprocess
  insize=811 outsize=209 ok=1
Cmd: preprocess
  insize=811 outsize=209 ok=1
Cmd: preprocess
  insize=811 outsize=209 ok=1
Cmd: preprocess
  insize=811 outsize=209 ok=1
Cmd: preprocess
  insize=811 outsize=209 ok=1
Cmd: preprocess
  insize=811 outsize=209 ok=1
Cmd: preprocess
  insize=811 outsize=209 ok=1
Cmd: preprocess
  insize=811 outsize=209 ok=1
Cmd: preprocess
  insize=811 outsize=209 ok=1
Cmd: preprocess
  insize=811 outsize=209 ok=1
Cmd: preprocess
  insize=811 outsize=209 ok=1
Cmd: preprocess
  insize=811 outsize=209 ok=1
Cmd: preprocess
  insize=811 outsize=209 ok=1
Cmd: preprocess
  insize=811 outsize=209 ok=1
Cmd: preprocess
  insize=811 outsize=209 ok=1
Cmd: preprocess
  insize=811 outsize=209 ok=1
Cmd: preprocess
  insize=811 outsize=209 ok=1
Cmd: preprocess
  insize=811 outsize=209 ok=1
Cmd: preprocess
  insize=811 outsize=209 ok=1
Cmd: preprocess
  insize=811 outsize=209 ok=1
Cmd: preprocess
  insize=811 outsize=209 ok=1
Cmd: preprocess
  insize=811 outsize=209 ok=1
Cmd: preprocess
  insize=811 outsize=209 ok=1
Cmd: preprocess
  insize=811 outsize=209 ok=1
Cmd: preprocess
  insize=811 outsize=209 ok=1
Cmd: preprocess
  insize=811 outsize=209 ok=1
Cmd: preprocess
  insize=811 outsize=209 ok=1
Cmd: preprocess
  insize=811 outsize=209 ok=1
Cmd: preprocess
  insize=811 outsize=209 ok=1
Cmd: preprocess
  insize=811 outsize=209 ok=1
Cmd: preprocess
  insize=811 outsize=209 ok=1
Cmd: preprocess
  insize=811 outsize=209 ok=1
Cmd: preprocess
  insize=811 outsize=209 ok=1
Cmd: preprocess
  insize=811 outsize=209 ok=1
Cmd: preprocess
  insize=811 outsize=209 ok=1
Cmd: preprocess
  insize=811 outsize=209 ok=1
Cmd: preprocess
  insize=811 outsize=209 ok=1
Cmd: preprocess
  insize=811 outsize=209 ok=1
Cmd: preprocess
  insize=811 outsize=209 ok=1
Cmd: preprocess
  insize=811 outsize=209 ok=1
Cmd: preprocess
  insize=811 outsize=209 ok=1
Cmd: preprocess
  insize=811 outsize=209 ok=1
Cmd: preprocess
  insize=811 outsize=209 ok=1
Cmd: preprocess
  insize=811 outsize=209 ok=1
Cmd: preprocess
  insize=811 outsize=209 ok=1
Cmd: preprocess
  insize=811 outsize=209 ok=1
Cmd: preprocess
  insize=811 outsize=209 ok=1
Cmd: preprocess
  insize=811 outsize=209 ok=1
Cmd: preprocess
  insize=811 outsize=209 ok=1
Cmd: preprocess
  insize=38499 outsize=1889 ok=1
Cmd: preprocess
  insize=4446 outsize=571 ok=1
Cmd: preprocess
  insize=4655 outsize=568 ok=1
Cmd: preprocess
  insize=4910 outsize=568 ok=1
Cmd: preprocess
  insize=3465 outsize=571 ok=1
Cmd: preprocess
  insize=3628 outsize=576 ok=1
Cmd: preprocess
  insize=4488 outsize=565 ok=1
Cmd: preprocess
  insize=5195 outsize=571 ok=1
Cmd: preprocess
  insize=5415 outsize=572 ok=1
Cmd: preprocess
  insize=6766 outsize=567 ok=1
Cmd: preprocess
  insize=3413 outsize=569 ok=1
Cmd: preprocess
  insize=3413 outsize=569 ok=1
Cmd: preprocess
  insize=3700 outsize=571 ok=1
Cmd: preprocess
  insize=3700 outsize=571 ok=1
Cmd: preprocess
  insize=4956 outsize=566 ok=1
Cmd: preprocess
  insize=5558 outsize=572 ok=1
Cmd: preprocess
  insize=5778 outsize=572 ok=1
Cmd: preprocess
  insize=8559 outsize=567 ok=1
Cmd: preprocess
  insize=8982 outsize=572 ok=1
Cmd: preprocess
  insize=5375 outsize=572 ok=1
Cmd: preprocess
  insize=5595 outsize=572 ok=1
Cmd: preprocess
  insize=4769 outsize=565 ok=1
Cmd: preprocess
  insize=5378 outsize=571 ok=1
Cmd: preprocess
  insize=5598 outsize=572 ok=1
Cmd: preprocess
  insize=4773 outsize=566 ok=1
Cmd: preprocess
  insize=6766 outsize=567 ok=1
Cmd: preprocess
  insize=3388 outsize=569 ok=1
Cmd: preprocess
  insize=9948 outsize=570 ok=1
Cmd: preprocess
  insize=10654 outsize=568 ok=1
Cmd: preprocess
  insize=12543 outsize=568 ok=1
Cmd: preprocess
  insize=4422 outsize=567 ok=1
Cmd: preprocess
  insize=3429 outsize=566 ok=1
Cmd: preprocess
  insize=5258 outsize=568 ok=1
Cmd: preprocess
  insize=5258 outsize=568 ok=1
Cmd: preprocess
  insize=12543 outsize=568 ok=1
Cmd: preprocess
  insize=38499 outsize=1889 ok=1
Cmd: preprocess
  insize=3429 outsize=566 ok=1
Cmd: preprocess
  insize=4422 outsize=567 ok=1
Cmd: preprocess
  insize=9948 outsize=570 ok=1
Cmd: preprocess
  insize=10654 outsize=568 ok=1
Cmd: preprocess
  insize=3413 outsize=569 ok=1
Cmd: preprocess
  insize=3413 outsize=569 ok=1
Cmd: preprocess
  insize=3700 outsize=571 ok=1
Cmd: preprocess
  insize=4773 outsize=566 ok=1
Cmd: preprocess
  insize=5378 outsize=571 ok=1
Cmd: preprocess
  insize=5598 outsize=572 ok=1
Cmd: preprocess
  insize=6766 outsize=567 ok=1
Cmd: preprocess
  insize=8559 outsize=567 ok=1
Cmd: preprocess
  insize=8982 outsize=572 ok=1
Cmd: preprocess
  insize=4769 outsize=565 ok=1
Cmd: preprocess
  insize=5375 outsize=572 ok=1
Cmd: preprocess
  insize=5595 outsize=572 ok=1
Cmd: preprocess
  insize=4956 outsize=566 ok=1
Cmd: preprocess
  insize=5558 outsize=572 ok=1
Cmd: preprocess
  insize=5778 outsize=572 ok=1
Cmd: preprocess
  insize=6766 outsize=567 ok=1
Cmd: preprocess
  insize=4488 outsize=565 ok=1
Cmd: preprocess
  insize=5195 outsize=571 ok=1
Cmd: preprocess
  insize=5415 outsize=572 ok=1
Cmd: preprocess
  insize=3700 outsize=571 ok=1
Cmd: preprocess
  insize=3465 outsize=571 ok=1
Cmd: preprocess
  insize=4446 outsize=571 ok=1
Cmd: preprocess
  insize=4910 outsize=568 ok=1
Cmd: preprocess
  insize=4655 outsize=568 ok=1
Cmd: preprocess
  insize=36336 outsize=1901 ok=1
